[ServerLogs INFO ] 2024-11-27 17:21:15.956 BaseTest:390 - All Android Emulators have been stopped.
[ServerLogs INFO ] 2024-11-27 17:21:16.302 BaseTest:213 - No process found on port 4724. Port is already free.
[ServerLogs INFO ] 2024-11-27 17:21:34.994 BaseTest:116 - Appium server started on port: 4723
[ServerLogs INFO ] 2024-11-27 17:22:25.765 BaseTest:435 - login is: invalid_username
[ServerLogs INFO ] 2024-11-27 17:22:29.241 BaseTest:435 - password is: secret_sauce
[ServerLogs INFO ] 2024-11-27 17:22:31.189 BaseTest:425 - Press login button
[ServerLogs INFO ] 2024-11-27 17:22:33.021 TestListener:43 - org.openqa.selenium.WebDriverException: An unknown server-side error occurred while processing the command. Original error: The attribute 'text' is unknown. Valid attribute names are: (
    UID,
    accessibilityContainer,
    accessible,
    enabled,
    focused,
    frame,
    hittable,
    index,
    label,
    name,
    rect,
    selected,
    type,
    value,
    visible,
    wdAccessibilityContainer,
    wdAccessible,
    wdEnabled,
    wdFocused,
    wdFrame,
    wdHittable,
    wdIndex,
    wdLabel,
    wdName,
    wdRect,
    wdSelected,
    wdType,
    wdUID,
    wdValue,
    wdVisible
)
Build info: version: '4.27.0', revision: 'd6e718d134'
System info: os.name: 'Mac OS X', os.arch: 'aarch64', os.version: '15.1.1', java.version: '17.0.9'
Driver info: io.appium.java_client.ios.IOSDriver
Command: [97d4d76f-9abf-4abc-8f40-00ad3835edb9, getElementAttribute {id=34000000-0000-0000-D242-000000000000, name=text}]
Capabilities {appium:automationName: XCUiTest, appium:bundleId: com.saucelabs.SwagLabsMobil..., appium:databaseEnabled: false, appium:deviceName: iPhone SE (3rd generation), appium:javascriptEnabled: true, appium:locationContextEnabled: false, appium:networkConnectionEnabled: false, appium:newCommandTimeout: 120, appium:platformVersion: 17.5, appium:simulatorStartupTimeout: 120000, appium:takesScreenshot: true, appium:udid: 58EDD2F7-EFE5-4E39-98D5-754..., appium:webStorageEnabled: false, platformName: IOS}
Element: [[IOSDriver:  on IOS (97d4d76f-9abf-4abc-8f40-00ad3835edb9)] -> accessibility id: test-Error message]
Session ID: 97d4d76f-9abf-4abc-8f40-00ad3835edb9
	at java.base/jdk.internal.reflect.NativeConstructorAccessorImpl.newInstance0(Native Method)
	at java.base/jdk.internal.reflect.NativeConstructorAccessorImpl.newInstance(NativeConstructorAccessorImpl.java:77)
	at java.base/jdk.internal.reflect.DelegatingConstructorAccessorImpl.newInstance(DelegatingConstructorAccessorImpl.java:45)
	at java.base/java.lang.reflect.Constructor.newInstanceWithCaller(Constructor.java:499)
	at java.base/java.lang.reflect.Constructor.newInstance(Constructor.java:480)
	at org.openqa.selenium.remote.ErrorCodec.decode(ErrorCodec.java:167)
	at org.openqa.selenium.remote.codec.w3c.W3CHttpResponseCodec.decode(W3CHttpResponseCodec.java:138)
	at org.openqa.selenium.remote.codec.w3c.W3CHttpResponseCodec.decode(W3CHttpResponseCodec.java:50)
	at org.openqa.selenium.remote.HttpCommandExecutor.execute(HttpCommandExecutor.java:190)
	at io.appium.java_client.remote.AppiumCommandExecutor.execute(AppiumCommandExecutor.java:237)
	at org.openqa.selenium.remote.RemoteWebDriver.execute(RemoteWebDriver.java:545)
	at org.openqa.selenium.remote.RemoteWebElement.execute(RemoteWebElement.java:223)
	at org.openqa.selenium.remote.RemoteWebElement.getAttribute(RemoteWebElement.java:149)
	at java.base/jdk.internal.reflect.NativeMethodAccessorImpl.invoke0(Native Method)
	at java.base/jdk.internal.reflect.NativeMethodAccessorImpl.invoke(NativeMethodAccessorImpl.java:77)
	at java.base/jdk.internal.reflect.DelegatingMethodAccessorImpl.invoke(DelegatingMethodAccessorImpl.java:43)
	at java.base/java.lang.reflect.Method.invoke(Method.java:568)
	at io.appium.java_client.pagefactory.ElementInterceptor.getObject(ElementInterceptor.java:42)
	at io.appium.java_client.pagefactory.interceptors.InterceptorOfASingleElement.call(InterceptorOfASingleElement.java:79)
	at io.appium.java_client.proxy.Interceptor.intercept(Interceptor.java:78)
	at org.openqa.selenium.remote.RemoteWebElement$ByteBuddy$9zTlPBZ0.getAttribute(Unknown Source)
	at com.qa.BaseTest.getAttribute(BaseTest.java:441)
	at com.qa.BaseTest.getText(BaseTest.java:467)
	at com.qa.pages.LoginPage.getErrorMessage(LoginPage.java:48)
	at com.qa.tests.LoginTests.invalidLoginTest(LoginTests.java:69)
	at java.base/jdk.internal.reflect.NativeMethodAccessorImpl.invoke0(Native Method)
	at java.base/jdk.internal.reflect.NativeMethodAccessorImpl.invoke(NativeMethodAccessorImpl.java:77)
	at java.base/jdk.internal.reflect.DelegatingMethodAccessorImpl.invoke(DelegatingMethodAccessorImpl.java:43)
	at java.base/java.lang.reflect.Method.invoke(Method.java:568)
	at org.testng.internal.invokers.MethodInvocationHelper.invokeMethod(MethodInvocationHelper.java:141)
	at org.testng.internal.invokers.TestInvoker.invokeMethod(TestInvoker.java:686)
	at org.testng.internal.invokers.TestInvoker.invokeTestMethod(TestInvoker.java:230)
	at org.testng.internal.invokers.MethodRunner.runInSequence(MethodRunner.java:63)
	at org.testng.internal.invokers.TestInvoker$MethodInvocationAgent.invoke(TestInvoker.java:992)
	at org.testng.internal.invokers.TestInvoker.invokeTestMethods(TestInvoker.java:203)
	at org.testng.internal.invokers.TestMethodWorker.invokeTestMethods(TestMethodWorker.java:154)
	at org.testng.internal.invokers.TestMethodWorker.run(TestMethodWorker.java:134)
	at java.base/java.util.ArrayList.forEach(ArrayList.java:1511)
	at org.testng.TestRunner.privateRun(TestRunner.java:739)
	at org.testng.TestRunner.run(TestRunner.java:614)
	at org.testng.SuiteRunner.runTest(SuiteRunner.java:421)
	at org.testng.SuiteRunner.runSequentially(SuiteRunner.java:413)
	at org.testng.SuiteRunner.privateRun(SuiteRunner.java:373)
	at org.testng.SuiteRunner.run(SuiteRunner.java:312)
	at org.testng.SuiteRunnerWorker.runSuite(SuiteRunnerWorker.java:52)
	at org.testng.SuiteRunnerWorker.run(SuiteRunnerWorker.java:95)
	at org.testng.TestNG.runSuitesSequentially(TestNG.java:1274)
	at org.testng.TestNG.runSuitesLocally(TestNG.java:1208)
	at org.testng.TestNG.runSuites(TestNG.java:1112)
	at org.testng.TestNG.run(TestNG.java:1079)
	at com.intellij.rt.testng.IDEARemoteTestNG.run(IDEARemoteTestNG.java:65)
	at com.intellij.rt.testng.RemoteTestNGStarter.main(RemoteTestNGStarter.java:105)

